<?xml version="1.0" encoding="UTF-8"?>
<!-- Generated by org.testng.reporters.JUnitReportReporter -->
<testsuite hostname="DESKTOP-LOU28VT" failures="0" tests="1" name="com.herokuapp.theinternet.PositiveTests" time="22.504" errors="0" timestamp="18 Sep 2021 15:14:56 GMT" skipped="0">
  <testcase classname="com.herokuapp.theinternet.PositiveTests" name="loginTest" time="22.504"/>
</testsuite> <!-- com.herokuapp.theinternet.PositiveTests -->
